2025-02-15T14:33:18.764+0530 [INFO]  myapp: A call made to Hello GetMethod
2025-02-15T14:33:18.764+0530 [INFO]  myapp: request body: body=""
2025-02-15T14:33:18.764+0530 [INFO]  myapp: I am in getAllUsers
2025-02-15T14:33:18.764+0530 [INFO]  myapp: Got the userCollection from mongodb client
2025-02-15T14:33:18.770+0530 [INFO]  myapp: userCollection Find is working
2025-02-15T14:33:18.770+0530 [INFO]  myapp: this is the data: EXTRA_VALUE_AT_END=["&{ Alice Johnson alice.johnson@example.com 2025-02-14 05:52:47.061 +0000 UTC}"]
2025-02-15T14:33:18.770+0530 [INFO]  myapp: lets see i reach here or not
2025-02-15T14:33:18.770+0530 [INFO]  myapp: Data fetched properly
2025-02-15T14:33:41.150+0530 [INFO]  myapp: Database is up and active: Error=<nil>
2025-02-15T14:33:41.152+0530 [INFO]  myapp: Connected to Database: DB=DoubtBuddy
2025-02-15T14:33:41.152+0530 [ERROR] myapp: Connection to database established
2025-02-15T14:33:41.152+0530 [INFO]  myapp: port received from configuration: EXTRA_VALUE_AT_END=:9090
2025-02-15T14:33:41.152+0530 [INFO]  myapp: starting server on port :9090
2025-02-15T14:34:23.880+0530 [INFO]  myapp: Got killing or Interrupt signal: EXTRA_VALUE_AT_END=interrupt
2025-02-15T14:34:23.880+0530 [INFO]  myapp: Error starting server: EXTRA_VALUE_AT_END="http: Server closed"
2025-02-15T14:43:58.043+0530 [INFO]  myapp: Database is up and active: Error=<nil>
2025-02-15T14:43:58.044+0530 [INFO]  myapp: Connected to Database: DB=DoubtBuddy
2025-02-15T14:43:58.044+0530 [ERROR] myapp: Connection to database established
2025-02-15T14:43:58.044+0530 [INFO]  myapp: port received from configuration: EXTRA_VALUE_AT_END=:9090
2025-02-15T14:43:58.044+0530 [INFO]  myapp: starting server on port :9090
2025-02-15T14:44:07.755+0530 [INFO]  myapp: A call made to Hello GetMethod
2025-02-15T14:44:07.755+0530 [INFO]  myapp: request body: body=""
2025-02-15T14:44:07.755+0530 [INFO]  myapp: I am in getAllUsers
2025-02-15T14:44:07.755+0530 [INFO]  myapp: Got the userCollection from mongodb client
2025-02-15T14:44:07.771+0530 [INFO]  myapp: userCollection Find is working
2025-02-15T14:44:07.771+0530 [INFO]  myapp: this is the data: EXTRA_VALUE_AT_END=["&{ObjectID(\"000000000000000000000000\") Alice Johnson alice.johnson@example.com 2025-02-14 05:52:47.061 +0000 UTC}"]
2025-02-15T14:44:07.771+0530 [INFO]  myapp: lets see i reach here or not
2025-02-15T14:44:07.771+0530 [INFO]  myapp: Data fetched properly
2025-02-15T14:45:04.712+0530 [INFO]  myapp: Got killing or Interrupt signal: EXTRA_VALUE_AT_END=interrupt
2025-02-15T14:45:04.713+0530 [INFO]  myapp: Error starting server: EXTRA_VALUE_AT_END="http: Server closed"
2025-02-15T14:45:11.102+0530 [INFO]  myapp: Database is up and active: Error=<nil>
2025-02-15T14:45:11.104+0530 [INFO]  myapp: Connected to Database: DB=DoubtBuddy
2025-02-15T14:45:11.104+0530 [ERROR] myapp: Connection to database established
2025-02-15T14:45:11.104+0530 [INFO]  myapp: port received from configuration: EXTRA_VALUE_AT_END=:9090
2025-02-15T14:45:11.104+0530 [INFO]  myapp: starting server on port :9090
2025-02-15T14:45:17.910+0530 [INFO]  myapp: A call made to Hello GetMethod
2025-02-15T14:45:17.910+0530 [INFO]  myapp: request body: body=""
2025-02-15T14:45:17.910+0530 [INFO]  myapp: I am in getAllUsers
2025-02-15T14:45:17.910+0530 [INFO]  myapp: Got the userCollection from mongodb client
2025-02-15T14:45:17.912+0530 [INFO]  myapp: userCollection Find is working
2025-02-15T14:45:17.913+0530 [INFO]  myapp: this is the data: EXTRA_VALUE_AT_END=["&{ObjectID(\"000000000000000000000000\") Alice Johnson alice.johnson@example.com 2025-02-14 05:52:47.061 +0000 UTC}"]
2025-02-15T14:45:17.913+0530 [INFO]  myapp: lets see i reach here or not
2025-02-15T14:45:17.913+0530 [INFO]  myapp: Data fetched properly
2025-02-15T14:45:35.514+0530 [INFO]  myapp: Got killing or Interrupt signal: EXTRA_VALUE_AT_END=interrupt
2025-02-15T14:45:35.514+0530 [INFO]  myapp: Error starting server: EXTRA_VALUE_AT_END="http: Server closed"
2025-02-15T14:45:40.306+0530 [INFO]  myapp: Database is up and active: Error=<nil>
2025-02-15T14:45:40.307+0530 [INFO]  myapp: Connected to Database: DB=DoubtBuddy
2025-02-15T14:45:40.307+0530 [ERROR] myapp: Connection to database established
2025-02-15T14:45:40.307+0530 [INFO]  myapp: port received from configuration: EXTRA_VALUE_AT_END=:9090
2025-02-15T14:45:40.307+0530 [INFO]  myapp: starting server on port :9090
2025-02-15T14:47:56.771+0530 [INFO]  myapp: Database is up and active: Error=<nil>
2025-02-15T14:47:56.779+0530 [INFO]  myapp: Connected to Database: DB=DoubtBuddy
2025-02-15T14:47:56.779+0530 [ERROR] myapp: Connection to database established
2025-02-15T14:47:56.779+0530 [INFO]  myapp: port received from configuration: EXTRA_VALUE_AT_END=:9090
2025-02-15T14:47:56.780+0530 [INFO]  myapp: starting server on port :9090
2025-02-15T14:47:59.042+0530 [INFO]  myapp: Database is up and active: Error=<nil>
2025-02-15T14:47:59.043+0530 [INFO]  myapp: Connected to Database: DB=DoubtBuddy
2025-02-15T14:47:59.043+0530 [ERROR] myapp: Connection to database established
2025-02-15T14:47:59.043+0530 [INFO]  myapp: port received from configuration: EXTRA_VALUE_AT_END=:9090
2025-02-15T14:47:59.043+0530 [INFO]  myapp: starting server on port :9090
2025-02-15T14:48:02.934+0530 [INFO]  myapp: A call made to Hello GetMethod
2025-02-15T14:48:02.934+0530 [INFO]  myapp: request body: body=""
2025-02-15T14:48:02.934+0530 [INFO]  myapp: I am in getAllUsers
2025-02-15T14:48:02.934+0530 [INFO]  myapp: Got the userCollection from mongodb client
2025-02-15T14:48:02.936+0530 [INFO]  myapp: userCollection Find is working
2025-02-15T14:48:02.938+0530 [INFO]  myapp: this is the data: EXTRA_VALUE_AT_END=["&{ObjectID(\"000000000000000000000000\") Alice Johnson alice.johnson@example.com 2025-02-14 05:52:47.061 +0000 UTC}"]
2025-02-15T14:48:02.938+0530 [INFO]  myapp: lets see i reach here or not
2025-02-15T14:48:02.938+0530 [INFO]  myapp: Data fetched properly
2025-02-15T14:49:40.236+0530 [INFO]  myapp: Database is up and active: Error=<nil>
2025-02-15T14:49:40.236+0530 [INFO]  myapp: Connected to Database: DB=DoubtBuddy
2025-02-15T14:49:40.236+0530 [ERROR] myapp: Connection to database established
2025-02-15T14:49:40.236+0530 [INFO]  myapp: port received from configuration: EXTRA_VALUE_AT_END=:9090
2025-02-15T14:49:40.236+0530 [INFO]  myapp: starting server on port :9090
2025-02-15T14:53:55.254+0530 [INFO]  myapp: Database is up and active: Error=<nil>
2025-02-15T14:53:55.255+0530 [INFO]  myapp: Connected to Database: DB=DoubtBuddy
2025-02-15T14:53:55.255+0530 [ERROR] myapp: Connection to database established
2025-02-15T14:53:55.255+0530 [INFO]  myapp: port received from configuration: EXTRA_VALUE_AT_END=:9090
2025-02-15T14:53:55.255+0530 [INFO]  myapp: starting server on port :9090
2025-02-15T14:53:55.377+0530 [INFO]  myapp: Database is up and active: Error=<nil>
2025-02-15T14:53:55.378+0530 [INFO]  myapp: Connected to Database: DB=DoubtBuddy
2025-02-15T14:53:55.378+0530 [ERROR] myapp: Connection to database established
2025-02-15T14:53:55.378+0530 [INFO]  myapp: port received from configuration: EXTRA_VALUE_AT_END=:9090
2025-02-15T14:53:55.379+0530 [INFO]  myapp: starting server on port :9090
2025-02-15T14:53:55.379+0530 [INFO]  myapp: Error starting server: EXTRA_VALUE_AT_END="listen tcp :9090: bind: Only one usage of each socket address (protocol/network address/port) is normally permitted."
2025-02-15T14:54:30.505+0530 [INFO]  myapp: Database is up and active: Error=<nil>
2025-02-15T14:54:30.506+0530 [INFO]  myapp: Connected to Database: DB=DoubtBuddy
2025-02-15T14:54:30.506+0530 [ERROR] myapp: Connection to database established
2025-02-15T14:54:30.506+0530 [INFO]  myapp: port received from configuration: EXTRA_VALUE_AT_END=:9090
2025-02-15T14:54:30.506+0530 [INFO]  myapp: starting server on port :9090
2025-02-15T14:54:37.606+0530 [INFO]  myapp: A call made to Hello GetMethod
2025-02-15T14:54:37.606+0530 [INFO]  myapp: request body: body=""
2025-02-15T14:54:37.606+0530 [INFO]  myapp: I am in getAllUsers
2025-02-15T14:54:37.606+0530 [INFO]  myapp: Got the userCollection from mongodb client
2025-02-15T14:54:37.616+0530 [INFO]  myapp: userCollection Find is working
2025-02-15T14:54:37.617+0530 [INFO]  myapp: User ID:: EXTRA_VALUE_AT_END=000000000000000000000000
2025-02-15T14:54:37.617+0530 [INFO]  myapp: lets see i reach here or not
2025-02-15T14:54:37.617+0530 [INFO]  myapp: Data fetched properly
2025-02-15T14:59:09.148+0530 [INFO]  myapp: Got killing or Interrupt signal: EXTRA_VALUE_AT_END=interrupt
2025-02-15T14:59:09.148+0530 [INFO]  myapp: Error starting server: EXTRA_VALUE_AT_END="http: Server closed"
2025-02-15T14:59:13.571+0530 [INFO]  myapp: Database is up and active: Error=<nil>
2025-02-15T14:59:13.571+0530 [INFO]  myapp: Connected to Database: DB=DoubtBuddy
2025-02-15T14:59:13.571+0530 [ERROR] myapp: Connection to database established
2025-02-15T14:59:13.571+0530 [INFO]  myapp: port received from configuration: EXTRA_VALUE_AT_END=:9090
2025-02-15T14:59:13.572+0530 [INFO]  myapp: starting server on port :9090
2025-02-15T14:59:19.934+0530 [INFO]  myapp: A call made to Hello GetMethod
2025-02-15T14:59:19.934+0530 [INFO]  myapp: request body: body=""
2025-02-15T14:59:19.934+0530 [INFO]  myapp: I am in getAllUsers
2025-02-15T14:59:19.934+0530 [INFO]  myapp: Got the userCollection from mongodb client
2025-02-15T14:59:19.935+0530 [INFO]  myapp: userCollection Find is working
2025-02-15T14:59:19.935+0530 [INFO]  myapp: lets see i reach here or not
2025-02-15T14:59:19.935+0530 [INFO]  myapp: Data fetched properly
2025-02-15T14:59:39.397+0530 [INFO]  myapp: A call made to Hello GetMethod
2025-02-15T14:59:39.397+0530 [INFO]  myapp: request body: body=""
2025-02-15T14:59:39.397+0530 [INFO]  myapp: I am in getAllUsers
2025-02-15T14:59:39.397+0530 [INFO]  myapp: Got the userCollection from mongodb client
2025-02-15T14:59:39.398+0530 [INFO]  myapp: userCollection Find is working
2025-02-15T14:59:39.399+0530 [INFO]  myapp: lets see i reach here or not
2025-02-15T14:59:39.399+0530 [INFO]  myapp: Data fetched properly
2025-02-15T14:59:54.067+0530 [INFO]  myapp: Got killing or Interrupt signal: EXTRA_VALUE_AT_END=interrupt
2025-02-15T14:59:54.071+0530 [INFO]  myapp: Error starting server: EXTRA_VALUE_AT_END="http: Server closed"
2025-02-15T14:59:57.496+0530 [INFO]  myapp: Database is up and active: Error=<nil>
2025-02-15T14:59:57.496+0530 [INFO]  myapp: Connected to Database: DB=DoubtBuddy
2025-02-15T14:59:57.496+0530 [ERROR] myapp: Connection to database established
2025-02-15T14:59:57.496+0530 [INFO]  myapp: port received from configuration: EXTRA_VALUE_AT_END=:9090
2025-02-15T14:59:57.497+0530 [INFO]  myapp: starting server on port :9090
2025-02-15T15:00:02.980+0530 [INFO]  myapp: A call made to Hello GetMethod
2025-02-15T15:00:02.980+0530 [INFO]  myapp: request body: body=""
2025-02-15T15:00:02.980+0530 [INFO]  myapp: I am in getAllUsers
2025-02-15T15:00:02.980+0530 [INFO]  myapp: Got the userCollection from mongodb client
2025-02-15T15:00:02.981+0530 [INFO]  myapp: userCollection Find is working
2025-02-15T15:00:02.981+0530 [INFO]  myapp: lets see i reach here or not
2025-02-15T15:00:02.981+0530 [INFO]  myapp: Data fetched properly
2025-02-15T15:01:00.420+0530 [INFO]  myapp: Got killing or Interrupt signal: EXTRA_VALUE_AT_END=interrupt
2025-02-15T15:01:00.441+0530 [INFO]  myapp: Error starting server: EXTRA_VALUE_AT_END="http: Server closed"
2025-02-15T15:01:12.313+0530 [INFO]  myapp: Database is up and active: Error=<nil>
2025-02-15T15:01:12.313+0530 [INFO]  myapp: Connected to Database: DB=DoubtBuddy
2025-02-15T15:01:12.313+0530 [ERROR] myapp: Connection to database established
2025-02-15T15:01:12.313+0530 [INFO]  myapp: port received from configuration: EXTRA_VALUE_AT_END=:9090
2025-02-15T15:01:12.313+0530 [INFO]  myapp: starting server on port :9090
2025-02-15T15:01:18.934+0530 [INFO]  myapp: A call made to Hello GetMethod
2025-02-15T15:01:18.934+0530 [INFO]  myapp: request body: body=""
2025-02-15T15:01:18.934+0530 [INFO]  myapp: I am in getAllUsers
2025-02-15T15:01:18.934+0530 [INFO]  myapp: Got the userCollection from mongodb client
2025-02-15T15:01:18.935+0530 [INFO]  myapp: userCollection Find is working
2025-02-15T15:01:18.936+0530 [INFO]  myapp: lets see i reach here or not
2025-02-15T15:01:18.936+0530 [INFO]  myapp: Data fetched properly
2025-02-15T15:01:53.797+0530 [INFO]  myapp: Got killing or Interrupt signal: EXTRA_VALUE_AT_END=interrupt
2025-02-15T15:01:53.798+0530 [INFO]  myapp: Error starting server: EXTRA_VALUE_AT_END="http: Server closed"
2025-02-15T15:01:57.795+0530 [INFO]  myapp: Database is up and active: Error=<nil>
2025-02-15T15:01:57.796+0530 [INFO]  myapp: Connected to Database: DB=DoubtBuddy
2025-02-15T15:01:57.796+0530 [ERROR] myapp: Connection to database established
2025-02-15T15:01:57.796+0530 [INFO]  myapp: port received from configuration: EXTRA_VALUE_AT_END=:9090
2025-02-15T15:01:57.796+0530 [INFO]  myapp: starting server on port :9090
2025-02-15T15:02:02.943+0530 [INFO]  myapp: A call made to Hello GetMethod
2025-02-15T15:02:02.943+0530 [INFO]  myapp: request body: body=""
2025-02-15T15:02:02.943+0530 [INFO]  myapp: I am in getAllUsers
2025-02-15T15:02:02.943+0530 [INFO]  myapp: Got the userCollection from mongodb client
2025-02-15T15:02:02.943+0530 [INFO]  myapp: userCollection Find is working
2025-02-15T15:02:02.944+0530 [INFO]  myapp: lets see i reach here or not
2025-02-15T15:02:02.944+0530 [INFO]  myapp: Data fetched properly
2025-02-15T15:29:16.644+0530 [INFO]  myapp: Database is up and active: Error=<nil>
2025-02-15T15:29:16.645+0530 [INFO]  myapp: Connected to Database: DB=DoubtBuddy
2025-02-15T15:29:16.645+0530 [ERROR] myapp: Connection to database established
2025-02-15T15:29:16.645+0530 [INFO]  myapp: port received from configuration: EXTRA_VALUE_AT_END=:9090
2025-02-15T15:29:16.645+0530 [INFO]  myapp: starting server on port :9090
2025-02-15T15:29:53.698+0530 [INFO]  myapp: A call made to Hello GetMethod
2025-02-15T15:29:53.698+0530 [INFO]  myapp: request body: body=""
2025-02-15T15:29:53.698+0530 [INFO]  myapp: I am in getAllUsers
2025-02-15T15:29:53.698+0530 [INFO]  myapp: Got the userCollection from mongodb client
2025-02-15T15:29:53.715+0530 [INFO]  myapp: userCollection Find is working
2025-02-15T15:29:53.715+0530 [INFO]  myapp: lets see i reach here or not
2025-02-15T15:29:53.715+0530 [INFO]  myapp: Data fetched properly
2025-02-15T15:41:58.411+0530 [INFO]  myapp: Got killing or Interrupt signal: EXTRA_VALUE_AT_END=interrupt
2025-02-15T15:41:58.579+0530 [INFO]  myapp: Error starting server: EXTRA_VALUE_AT_END="http: Server closed"
2025-02-15T15:53:44.418+0530 [INFO]  myapp: Database is up and active: Error=<nil>
2025-02-15T15:53:44.419+0530 [INFO]  myapp: Connected to Database: DB=DoubtBuddy
2025-02-15T15:53:44.419+0530 [ERROR] myapp: Connection to database established
2025-02-15T15:53:44.419+0530 [INFO]  myapp: port received from configuration: EXTRA_VALUE_AT_END=:9090
2025-02-15T15:53:44.420+0530 [INFO]  myapp: starting server on port :9090
2025-02-15T15:53:51.820+0530 [INFO]  myapp: A call made to Hello GetMethod
2025-02-15T15:53:51.820+0530 [INFO]  myapp: request body: body=""
2025-02-15T15:53:51.820+0530 [INFO]  myapp: I am in getAllUsers
2025-02-15T15:53:51.820+0530 [INFO]  myapp: Got the userCollection from mongodb client
2025-02-15T15:53:51.838+0530 [INFO]  myapp: userCollection Find is working
2025-02-15T15:53:51.838+0530 [INFO]  myapp: lets see i reach here or not
2025-02-15T15:53:51.838+0530 [INFO]  myapp: Data fetched properly
2025-02-15T15:54:16.436+0530 [INFO]  myapp: Got killing or Interrupt signal: EXTRA_VALUE_AT_END=interrupt
2025-02-15T15:54:16.436+0530 [INFO]  myapp: Error starting server: EXTRA_VALUE_AT_END="http: Server closed"
2025-02-15T15:54:20.454+0530 [INFO]  myapp: Database is up and active: Error=<nil>
2025-02-15T15:54:20.454+0530 [INFO]  myapp: Connected to Database: DB=DoubtBuddy
2025-02-15T15:54:20.454+0530 [ERROR] myapp: Connection to database established
2025-02-15T15:54:20.454+0530 [INFO]  myapp: port received from configuration: EXTRA_VALUE_AT_END=:9090
2025-02-15T15:54:20.454+0530 [INFO]  myapp: starting server on port :9090
2025-02-15T15:54:37.271+0530 [INFO]  myapp: A call made to Hello GetMethod
2025-02-15T15:54:37.271+0530 [INFO]  myapp: request body: body=""
2025-02-15T15:54:37.271+0530 [INFO]  myapp: I am in getAllUsers
2025-02-15T15:54:37.271+0530 [INFO]  myapp: Got the userCollection from mongodb client
2025-02-15T15:54:37.272+0530 [INFO]  myapp: userCollection Find is working
2025-02-15T15:54:37.272+0530 [INFO]  myapp: lets see i reach here or not
2025-02-15T15:54:37.272+0530 [INFO]  myapp: Data fetched properly
2025-02-15T16:11:36.588+0530 [INFO]  myapp: A call made to Hello GetMethod
2025-02-15T16:11:36.589+0530 [INFO]  myapp: request body: body=""
2025-02-15T16:11:36.589+0530 [INFO]  myapp: I am in getAllUsers
2025-02-15T16:11:36.589+0530 [INFO]  myapp: Got the userCollection from mongodb client
2025-02-15T16:11:36.591+0530 [INFO]  myapp: userCollection Find is working
2025-02-15T16:11:36.591+0530 [INFO]  myapp: lets see i reach here or not
2025-02-15T16:11:36.591+0530 [INFO]  myapp: Data fetched properly
2025-02-17T09:52:33.085+0530 [INFO]  myapp: Database is up and active: Error=<nil>
2025-02-17T09:52:33.086+0530 [INFO]  myapp: Connected to Database: DB=DoubtBuddy
2025-02-17T09:52:33.086+0530 [ERROR] myapp: Connection to database established
2025-02-17T09:52:33.086+0530 [INFO]  myapp: port received from configuration: EXTRA_VALUE_AT_END=:9090
2025-02-17T09:52:33.086+0530 [INFO]  myapp: starting server on port :9090
2025-02-17T09:52:33.087+0530 [INFO]  myapp: Error starting server: EXTRA_VALUE_AT_END="listen tcp :9090: bind: Only one usage of each socket address (protocol/network address/port) is normally permitted."
2025-02-17T10:00:33.708+0530 [INFO]  myapp: Got killing or Interrupt signal: EXTRA_VALUE_AT_END=interrupt
2025-02-17T10:00:33.708+0530 [INFO]  myapp: Error starting server: EXTRA_VALUE_AT_END="http: Server closed"
2025-02-17T10:00:41.351+0530 [INFO]  myapp: Database is up and active: Error=<nil>
2025-02-17T10:00:41.352+0530 [INFO]  myapp: Connected to Database: DB=DoubtBuddy
2025-02-17T10:00:41.352+0530 [ERROR] myapp: Connection to database established
2025-02-17T10:00:41.352+0530 [INFO]  myapp: port received from configuration: EXTRA_VALUE_AT_END=:9090
2025-02-17T10:00:41.352+0530 [INFO]  myapp: starting server on port :9090
2025-02-17T10:01:25.558+0530 [INFO]  myapp: A call made to Hello GetMethod
2025-02-17T10:01:25.558+0530 [INFO]  myapp: request body: body=""
2025-02-17T10:01:25.559+0530 [INFO]  myapp: Data fetched properly
2025-02-17T10:34:52.298+0530 [INFO]  myapp: Got killing or Interrupt signal: EXTRA_VALUE_AT_END=interrupt
2025-02-17T10:34:52.298+0530 [INFO]  myapp: Error starting server: EXTRA_VALUE_AT_END="http: Server closed"
2025-02-17T10:35:00.484+0530 [INFO]  myapp: Database is up and active: Error=<nil>
2025-02-17T10:35:00.485+0530 [INFO]  myapp: Connected to Database: DB=DoubtBuddy
2025-02-17T10:35:00.485+0530 [ERROR] myapp: Connection to database established
2025-02-17T10:35:00.485+0530 [INFO]  myapp: port received from configuration: EXTRA_VALUE_AT_END=:9090
2025-02-17T10:35:00.485+0530 [INFO]  myapp: starting server on port :9090
2025-02-17T10:35:06.289+0530 [INFO]  myapp: A call made to Hello GetMethod
2025-02-17T10:35:06.289+0530 [INFO]  myapp: request body: body=""
2025-02-17T10:35:06.290+0530 [INFO]  myapp: Data fetched properly
2025-02-17T10:35:20.464+0530 [INFO]  myapp: A call made to Hello GetMethod
2025-02-17T10:35:20.464+0530 [INFO]  myapp: request body: body=""
2025-02-17T10:35:20.465+0530 [INFO]  myapp: Data fetched properly
2025-02-17T10:49:02.491+0530 [INFO]  myapp: Got killing or Interrupt signal: EXTRA_VALUE_AT_END=interrupt
2025-02-17T10:49:02.492+0530 [INFO]  myapp: Error starting server: EXTRA_VALUE_AT_END="http: Server closed"
2025-02-17T10:49:09.567+0530 [INFO]  myapp: Database is up and active: Error=<nil>
2025-02-17T10:49:09.568+0530 [INFO]  myapp: Connected to Database: DB=DoubtBuddy
2025-02-17T10:49:09.568+0530 [ERROR] myapp: Connection to database established
2025-02-17T10:49:09.568+0530 [INFO]  myapp: port received from configuration: EXTRA_VALUE_AT_END=:9090
2025-02-17T10:49:09.569+0530 [INFO]  myapp: starting server on port :9090
2025-02-17T10:49:20.622+0530 [INFO]  myapp: A call made to Hello GetMethod
2025-02-17T10:49:20.622+0530 [INFO]  myapp: request body: body=""
2025-02-17T10:49:20.623+0530 [INFO]  myapp: Data fetched properly
2025-02-17T10:49:22.187+0530 [INFO]  myapp: A call made to Hello GetMethod
2025-02-17T10:49:22.187+0530 [INFO]  myapp: request body: body=""
2025-02-17T10:49:22.189+0530 [INFO]  myapp: Data fetched properly
2025-02-17T10:49:22.722+0530 [INFO]  myapp: A call made to Hello GetMethod
2025-02-17T10:49:22.722+0530 [INFO]  myapp: request body: body=""
2025-02-17T10:49:22.724+0530 [INFO]  myapp: Data fetched properly
2025-02-17T10:49:22.893+0530 [INFO]  myapp: A call made to Hello GetMethod
2025-02-17T10:49:22.893+0530 [INFO]  myapp: request body: body=""
2025-02-17T10:49:22.895+0530 [INFO]  myapp: Data fetched properly
2025-02-17T10:49:23.071+0530 [INFO]  myapp: A call made to Hello GetMethod
2025-02-17T10:49:23.071+0530 [INFO]  myapp: request body: body=""
2025-02-17T10:49:23.073+0530 [INFO]  myapp: Data fetched properly
2025-02-17T10:49:28.855+0530 [INFO]  myapp: A call made to Hello GetMethod
2025-02-17T10:49:28.855+0530 [INFO]  myapp: request body: body=""
2025-02-17T10:49:28.856+0530 [INFO]  myapp: Data fetched properly
2025-02-17T10:50:10.794+0530 [INFO]  myapp: Got killing or Interrupt signal: EXTRA_VALUE_AT_END=interrupt
2025-02-17T10:50:10.794+0530 [INFO]  myapp: Error starting server: EXTRA_VALUE_AT_END="http: Server closed"
2025-02-17T10:50:15.506+0530 [INFO]  myapp: Database is up and active: Error=<nil>
2025-02-17T10:50:15.507+0530 [INFO]  myapp: Connected to Database: DB=DoubtBuddy
2025-02-17T10:50:15.507+0530 [ERROR] myapp: Connection to database established
2025-02-17T10:50:15.507+0530 [INFO]  myapp: port received from configuration: EXTRA_VALUE_AT_END=:9090
2025-02-17T10:50:15.507+0530 [INFO]  myapp: starting server on port :9090
2025-02-17T10:50:23.422+0530 [INFO]  myapp: A call made to Hello GetMethod
2025-02-17T10:50:23.422+0530 [INFO]  myapp: request body: body=""
2025-02-17T10:50:23.431+0530 [ERROR] myapp: Cursor all not working: EXTRA_VALUE_AT_END="error decoding key userId: cannot decode objectID into an array"
2025-02-17T10:50:23.431+0530 [ERROR] myapp: Some issue occured in data fetching
2025-02-17T10:52:42.893+0530 [INFO]  myapp: Got killing or Interrupt signal: EXTRA_VALUE_AT_END=interrupt
2025-02-17T10:52:42.893+0530 [INFO]  myapp: Error starting server: EXTRA_VALUE_AT_END="http: Server closed"
2025-02-17T10:52:48.946+0530 [INFO]  myapp: Database is up and active: Error=<nil>
2025-02-17T10:52:48.947+0530 [INFO]  myapp: Connected to Database: DB=DoubtBuddy
2025-02-17T10:52:48.947+0530 [ERROR] myapp: Connection to database established
2025-02-17T10:52:48.947+0530 [INFO]  myapp: port received from configuration: EXTRA_VALUE_AT_END=:9090
2025-02-17T10:52:48.947+0530 [INFO]  myapp: starting server on port :9090
2025-02-17T10:52:54.920+0530 [INFO]  myapp: A call made to Hello GetMethod
2025-02-17T10:52:54.920+0530 [INFO]  myapp: request body: body=""
2025-02-17T10:52:54.921+0530 [ERROR] myapp: Cursor all not working: EXTRA_VALUE_AT_END="error decoding key userId: cannot decode objectID into an array"
2025-02-17T10:52:54.922+0530 [ERROR] myapp: Some issue occured in data fetching
2025-02-17T11:39:56.030+0530 [INFO]  myapp: Got killing or Interrupt signal: EXTRA_VALUE_AT_END=interrupt
2025-02-17T11:39:56.031+0530 [INFO]  myapp: Error starting server: EXTRA_VALUE_AT_END="http: Server closed"
2025-02-17T11:40:27.601+0530 [INFO]  myapp: Database is up and active: Error=<nil>
2025-02-17T11:40:27.602+0530 [INFO]  myapp: Connected to Database: DB=DoubtBuddy
2025-02-17T11:40:27.602+0530 [ERROR] myapp: Connection to database established
2025-02-17T11:40:27.602+0530 [INFO]  myapp: port received from configuration: EXTRA_VALUE_AT_END=:9090
2025-02-17T11:40:27.602+0530 [INFO]  myapp: starting server on port :9090
2025-02-17T11:40:32.706+0530 [INFO]  myapp: A call made to Hello GetMethod
2025-02-17T11:40:32.706+0530 [INFO]  myapp: request body: body=""
2025-02-17T11:40:32.707+0530 [INFO]  myapp: Data fetched properly
2025-02-17T11:40:37.240+0530 [INFO]  myapp: A call made to Hello GetMethod
2025-02-17T11:40:37.240+0530 [INFO]  myapp: request body: body=""
2025-02-17T11:40:37.241+0530 [INFO]  myapp: Data fetched properly
2025-02-17T11:40:44.754+0530 [INFO]  myapp: A call made to Hello GetMethod
2025-02-17T11:40:44.754+0530 [INFO]  myapp: request body: body=""
2025-02-17T11:40:44.755+0530 [INFO]  myapp: Data fetched properly
2025-02-17T12:04:20.593+0530 [INFO]  myapp: Got killing or Interrupt signal: EXTRA_VALUE_AT_END=interrupt
2025-02-17T12:04:20.594+0530 [INFO]  myapp: Error starting server: EXTRA_VALUE_AT_END="http: Server closed"
2025-02-17T12:04:30.272+0530 [INFO]  myapp: Database is up and active: Error=<nil>
2025-02-17T12:04:30.272+0530 [INFO]  myapp: Connected to Database: DB=DoubtBuddy
2025-02-17T12:04:30.272+0530 [ERROR] myapp: Connection to database established
2025-02-17T12:04:30.272+0530 [INFO]  myapp: port received from configuration: EXTRA_VALUE_AT_END=:9090
2025-02-17T12:04:30.272+0530 [INFO]  myapp: starting server on port :9090
2025-02-17T12:04:37.218+0530 [INFO]  myapp: A call made to Hello GetMethod
2025-02-17T12:04:37.219+0530 [INFO]  myapp: request body: body=""
2025-02-17T12:04:37.254+0530 [INFO]  myapp: Data fetched properly
2025-02-17T12:21:28.738+0530 [INFO]  myapp: Got killing or Interrupt signal: EXTRA_VALUE_AT_END=interrupt
2025-02-17T12:21:28.738+0530 [INFO]  myapp: Error starting server: EXTRA_VALUE_AT_END="http: Server closed"
2025-02-17T15:13:04.021+0530 [INFO]  myapp: Database is up and active: Error=<nil>
2025-02-17T15:13:04.021+0530 [INFO]  myapp: Connected to Database: DB=DoubtBuddy
2025-02-17T15:13:04.021+0530 [ERROR] myapp: Connection to database established
2025-02-17T15:13:04.021+0530 [INFO]  myapp: port received from configuration: EXTRA_VALUE_AT_END=:9090
2025-02-17T15:13:04.022+0530 [INFO]  myapp: starting server on port :9090
2025-02-17T15:13:15.798+0530 [INFO]  myapp: A call made to Hello GetMethod
2025-02-17T15:13:15.798+0530 [INFO]  myapp: request body: body=""
2025-02-17T15:13:15.811+0530 [INFO]  myapp: Data fetched properly
2025-02-17T15:13:43.249+0530 [INFO]  myapp: Got killing or Interrupt signal: EXTRA_VALUE_AT_END=interrupt
2025-02-17T15:13:43.249+0530 [INFO]  myapp: Error starting server: EXTRA_VALUE_AT_END="http: Server closed"
2025-02-17T15:17:56.848+0530 [INFO]  myapp: Database is up and active: Error=<nil>
2025-02-17T15:17:56.849+0530 [INFO]  myapp: Connected to Database: DB=DoubtBuddy
2025-02-17T15:17:56.849+0530 [ERROR] myapp: Connection to database established
2025-02-17T15:17:56.849+0530 [INFO]  myapp: port received from configuration: EXTRA_VALUE_AT_END=:9090
2025-02-17T15:17:56.849+0530 [INFO]  myapp: starting server on port :9090
2025-02-17T15:18:01.565+0530 [INFO]  myapp: A call made to Hello GetMethod
2025-02-17T15:18:01.565+0530 [INFO]  myapp: request body: body=""
2025-02-17T15:18:01.573+0530 [INFO]  myapp: Data fetched properly
2025-02-17T15:24:07.113+0530 [INFO]  myapp: Got killing or Interrupt signal: EXTRA_VALUE_AT_END=interrupt
2025-02-17T15:24:07.113+0530 [INFO]  myapp: Error starting server: EXTRA_VALUE_AT_END="http: Server closed"
2025-02-17T15:24:17.903+0530 [INFO]  myapp: Database is up and active: Error=<nil>
2025-02-17T15:24:17.903+0530 [INFO]  myapp: Connected to Database: DB=DoubtBuddy
2025-02-17T15:24:17.903+0530 [ERROR] myapp: Connection to database established
2025-02-17T15:24:17.903+0530 [INFO]  myapp: port received from configuration: EXTRA_VALUE_AT_END=:9090
2025-02-17T15:24:17.903+0530 [INFO]  myapp: starting server on port :9090
2025-02-17T15:24:22.740+0530 [INFO]  myapp: A call made to Hello GetMethod
2025-02-17T15:24:22.740+0530 [INFO]  myapp: request body: body=""
2025-02-17T15:24:22.753+0530 [INFO]  myapp: Data fetched properly
2025-02-17T15:30:20.931+0530 [INFO]  myapp: Got killing or Interrupt signal: EXTRA_VALUE_AT_END=interrupt
2025-02-17T15:30:20.931+0530 [INFO]  myapp: Error starting server: EXTRA_VALUE_AT_END="http: Server closed"
2025-02-17T15:30:50.969+0530 [INFO]  myapp: Database is up and active: Error=<nil>
2025-02-17T15:30:50.970+0530 [INFO]  myapp: Connected to Database: DB=DoubtBuddy
2025-02-17T15:30:50.970+0530 [ERROR] myapp: Connection to database established
2025-02-17T15:30:50.970+0530 [INFO]  myapp: port received from configuration: EXTRA_VALUE_AT_END=:9090
2025-02-17T15:30:50.970+0530 [INFO]  myapp: starting server on port :9090
2025-02-17T15:30:57.811+0530 [INFO]  myapp: A call made to Hello GetMethod
2025-02-17T15:30:57.811+0530 [INFO]  myapp: request body: body=""
2025-02-17T15:30:57.815+0530 [INFO]  myapp: Data fetched properly
2025-02-17T15:36:22.237+0530 [INFO]  myapp: A call made to Hello GetMethod
2025-02-17T15:36:22.237+0530 [INFO]  myapp: request body: body=""
2025-02-17T15:36:22.241+0530 [INFO]  myapp: Data fetched properly
2025-02-17T15:38:08.434+0530 [INFO]  myapp: Got killing or Interrupt signal: EXTRA_VALUE_AT_END=interrupt
2025-02-17T15:38:08.434+0530 [INFO]  myapp: Error starting server: EXTRA_VALUE_AT_END="http: Server closed"
2025-02-17T15:38:36.797+0530 [INFO]  myapp: Database is up and active: Error=<nil>
2025-02-17T15:38:36.797+0530 [INFO]  myapp: Connected to Database: DB=DoubtBuddy
2025-02-17T15:38:36.797+0530 [ERROR] myapp: Connection to database established
2025-02-17T15:38:36.797+0530 [INFO]  myapp: port received from configuration: EXTRA_VALUE_AT_END=:9090
2025-02-17T15:38:36.798+0530 [INFO]  myapp: starting server on port :9090
2025-02-17T15:38:41.164+0530 [INFO]  myapp: A call made to Hello GetMethod
2025-02-17T15:38:41.164+0530 [INFO]  myapp: request body: body=""
2025-02-17T15:38:41.169+0530 [INFO]  myapp: Data fetched properly
2025-02-17T15:39:22.190+0530 [INFO]  myapp: Got killing or Interrupt signal: EXTRA_VALUE_AT_END=interrupt
2025-02-17T15:39:22.192+0530 [INFO]  myapp: Error starting server: EXTRA_VALUE_AT_END="http: Server closed"
2025-02-17T15:39:28.191+0530 [INFO]  myapp: Database is up and active: Error=<nil>
2025-02-17T15:39:28.192+0530 [INFO]  myapp: Connected to Database: DB=DoubtBuddy
2025-02-17T15:39:28.192+0530 [ERROR] myapp: Connection to database established
2025-02-17T15:39:28.192+0530 [INFO]  myapp: port received from configuration: EXTRA_VALUE_AT_END=:9090
2025-02-17T15:39:28.192+0530 [INFO]  myapp: starting server on port :9090
2025-02-17T15:39:32.557+0530 [INFO]  myapp: A call made to Hello GetMethod
2025-02-17T15:39:32.557+0530 [INFO]  myapp: request body: body=""
2025-02-17T15:39:32.560+0530 [INFO]  myapp: Data fetched properly
2025-02-17T15:59:31.844+0530 [INFO]  myapp: Got killing or Interrupt signal: EXTRA_VALUE_AT_END=interrupt
2025-02-17T15:59:31.844+0530 [INFO]  myapp: Error starting server: EXTRA_VALUE_AT_END="http: Server closed"
2025-02-17T15:59:42.487+0530 [INFO]  myapp: Database is up and active: Error=<nil>
2025-02-17T15:59:42.488+0530 [INFO]  myapp: Connected to Database: DB=DoubtBuddy
2025-02-17T15:59:42.488+0530 [ERROR] myapp: Connection to database established
2025-02-17T15:59:42.488+0530 [INFO]  myapp: port received from configuration: EXTRA_VALUE_AT_END=:9090
2025-02-17T15:59:42.488+0530 [INFO]  myapp: starting server on port :9090
2025-02-17T15:59:47.958+0530 [INFO]  myapp: A call made to Hello GetMethod
2025-02-17T15:59:47.958+0530 [INFO]  myapp: request body: body=""
2025-02-17T15:59:47.969+0530 [INFO]  myapp: Data fetched properly
2025-02-17T16:04:53.712+0530 [INFO]  myapp: Got killing or Interrupt signal: EXTRA_VALUE_AT_END=interrupt
2025-02-17T16:04:53.712+0530 [INFO]  myapp: Error starting server: EXTRA_VALUE_AT_END="http: Server closed"
2025-02-17T16:05:02.696+0530 [INFO]  myapp: Database is up and active: Error=<nil>
2025-02-17T16:05:02.696+0530 [INFO]  myapp: Connected to Database: DB=DoubtBuddy
2025-02-17T16:05:02.696+0530 [ERROR] myapp: Connection to database established
2025-02-17T16:05:02.696+0530 [INFO]  myapp: port received from configuration: EXTRA_VALUE_AT_END=:9090
2025-02-17T16:05:02.697+0530 [INFO]  myapp: starting server on port :9090
2025-02-17T16:05:11.467+0530 [INFO]  myapp: A call made to Hello GetMethod
2025-02-17T16:05:11.467+0530 [INFO]  myapp: request body: body=""
2025-02-17T16:05:11.475+0530 [INFO]  myapp: Data fetched properly
2025-02-17T16:05:52.750+0530 [INFO]  myapp: Got killing or Interrupt signal: EXTRA_VALUE_AT_END=interrupt
2025-02-17T16:05:52.750+0530 [INFO]  myapp: Error starting server: EXTRA_VALUE_AT_END="http: Server closed"
